[INFO ] 2015-06-12 17:00:27,304(0) --> [main] lh.util.RemoveFile.run(RemoveFile.java:17): 删除/Tomcat/Temp/目录下过时图片执行开端...  
[INFO ] 2015-06-12 17:00:27,319(15) --> [main] lh.util.RemoveFile.run(RemoveFile.java:19): 开端执行删除tomcat下temp文件夹png文件职务  
[INFO ] 2015-06-12 17:00:27,319(15) --> [main] lh.util.RemoveFile.run(RemoveFile.java:20): 要删除图片文件所在途径为null\temp\  
[INFO ] 2015-06-12 17:00:27,319(15) --> [main] lh.util.RemoveFile.run(RemoveFile.java:44): 未找到tomcat/temp文件夹，执行失败，请手动删除temp下一切png文件  
[INFO ] 2015-06-12 17:00:27,319(15) --> [main] lh.util.RemoveFile.run(RemoveFile.java:47): 删除/Tomcat/Temp/目录下过时图片执行完毕...  
[INFO ] 2015-06-12 17:02:25,320(0) --> [main] lh.util.RemoveFile.run(RemoveFile.java:17): 删除/Tomcat/Temp/目录下过时图片执行开端...  
[INFO ] 2015-06-12 17:02:34,433(9113) --> [main] lh.util.RemoveFile.run(RemoveFile.java:19): 开端执行删除tomcat下temp文件夹png文件职务  
[INFO ] 2015-06-12 17:03:11,155(45835) --> [main] lh.util.RemoveFile.run(RemoveFile.java:20): 要删除图片文件所在途径为null\temp\  
[INFO ] 2015-06-12 17:03:15,913(50593) --> [main] lh.util.RemoveFile.run(RemoveFile.java:44): 未找到tomcat/temp文件夹，执行失败，请手动删除temp下一切png文件  
[INFO ] 2015-06-12 17:03:15,927(50607) --> [main] lh.util.RemoveFile.run(RemoveFile.java:47): 删除/Tomcat/Temp/目录下过时图片执行完毕...  
[INFO ] 2015-06-12 17:06:58,115(0) --> [main] lh.util.RemoveFile.run(RemoveFile.java:17): 删除/Tomcat/Temp/目录下过时图片执行开端...  
[INFO ] 2015-06-12 17:07:14,095(15980) --> [main] lh.util.RemoveFile.run(RemoveFile.java:19): 开端执行删除tomcat下temp文件夹png文件职务  
[INFO ] 2015-06-12 17:07:14,096(15981) --> [main] lh.util.RemoveFile.run(RemoveFile.java:20): 要删除图片文件所在途径为null\temp\  
[INFO ] 2015-06-12 17:07:14,096(15981) --> [main] lh.util.RemoveFile.run(RemoveFile.java:44): 未找到tomcat/temp文件夹，执行失败，请手动删除temp下一切png文件  
[INFO ] 2015-06-12 17:07:14,096(15981) --> [main] lh.util.RemoveFile.run(RemoveFile.java:47): 删除/Tomcat/Temp/目录下过时图片执行完毕...  
[INFO ] 2015-06-12 17:13:26,183(0) --> [main] lh.util.RemoveFile.run(RemoveFile.java:17): 删除/Tomcat/Temp/目录下过时图片执行开端...  
[INFO ] 2015-06-12 17:13:26,190(7) --> [main] lh.util.RemoveFile.run(RemoveFile.java:19): 开端执行删除tomcat下temp文件夹png文件职务  
[INFO ] 2015-06-12 17:13:26,191(8) --> [main] lh.util.RemoveFile.run(RemoveFile.java:20): 要删除图片文件所在途径为null\temp\  
[INFO ] 2015-06-12 17:13:26,191(8) --> [main] lh.util.RemoveFile.run(RemoveFile.java:44): 未找到tomcat/temp文件夹，执行失败，请手动删除temp下一切png文件  
[INFO ] 2015-06-12 17:13:26,191(8) --> [main] lh.util.RemoveFile.run(RemoveFile.java:47): 删除/Tomcat/Temp/目录下过时图片执行完毕...  
[INFO ] 2015-06-12 17:19:46,522(0) --> [main] lh.util.RemoveFile.run(RemoveFile.java:17): 删除/Tomcat/Temp/目录下过时图片执行开端...  
[INFO ] 2015-06-12 17:19:46,536(14) --> [main] lh.util.RemoveFile.run(RemoveFile.java:19): 开端执行删除tomcat下temp文件夹png文件职务  
[INFO ] 2015-06-12 17:19:46,537(15) --> [main] lh.util.RemoveFile.run(RemoveFile.java:20): 要删除图片文件所在途径为null\temp\  
[INFO ] 2015-06-12 17:19:46,537(15) --> [main] lh.util.RemoveFile.run(RemoveFile.java:28): temp文件存在  
[INFO ] 2015-06-12 17:19:46,538(16) --> [main] lh.util.RemoveFile.run(RemoveFile.java:30): temp文件是个目录  
[INFO ] 2015-06-12 17:19:46,538(16) --> [main] lh.util.RemoveFile.run(RemoveFile.java:49): 删除/Tomcat/Temp/目录下过时图片执行完毕...  
[INFO ] 2015-06-12 17:20:53,739(0) --> [main] lh.util.RemoveFile.run(RemoveFile.java:17): 删除/Tomcat/Temp/目录下过时图片执行开端...  
[INFO ] 2015-06-12 17:20:55,260(1521) --> [main] lh.util.RemoveFile.run(RemoveFile.java:19): 开端执行删除tomcat下temp文件夹png文件职务  
[INFO ] 2015-06-12 17:20:56,034(2295) --> [main] lh.util.RemoveFile.run(RemoveFile.java:20): 要删除图片文件所在途径为null\temp\  
[INFO ] 2015-06-12 17:21:16,812(23073) --> [main] lh.util.RemoveFile.run(RemoveFile.java:28): temp文件存在  
[INFO ] 2015-06-12 17:21:20,428(26689) --> [main] lh.util.RemoveFile.run(RemoveFile.java:30): temp文件是个目录  
[INFO ] 2015-06-12 17:22:18,285(84546) --> [main] lh.util.RemoveFile.run(RemoveFile.java:49): 删除/Tomcat/Temp/目录下过时图片执行完毕...  
[INFO ] 2015-06-12 17:23:00,019(0) --> [main] lh.util.RemoveFile.run(RemoveFile.java:17): 删除/Tomcat/Temp/目录下过时图片执行开端...  
[INFO ] 2015-06-12 17:23:00,026(7) --> [main] lh.util.RemoveFile.run(RemoveFile.java:19): 开端执行删除tomcat下temp文件夹png文件职务  
[INFO ] 2015-06-12 17:23:00,026(7) --> [main] lh.util.RemoveFile.run(RemoveFile.java:20): 要删除图片文件所在途径为null\temp\  
[INFO ] 2015-06-12 17:23:00,027(8) --> [main] lh.util.RemoveFile.run(RemoveFile.java:28): temp文件存在  
[INFO ] 2015-06-12 17:23:00,027(8) --> [main] lh.util.RemoveFile.run(RemoveFile.java:30): temp文件是个目录  
[INFO ] 2015-06-12 17:23:00,028(9) --> [main] lh.util.RemoveFile.run(RemoveFile.java:50): 删除/Tomcat/Temp/目录下过时图片执行完毕...  
[INFO ] 2015-06-12 17:23:17,833(0) --> [main] lh.util.RemoveFile.run(RemoveFile.java:17): 删除/Tomcat/Temp/目录下过时图片执行开端...  
[INFO ] 2015-06-12 17:23:18,810(977) --> [main] lh.util.RemoveFile.run(RemoveFile.java:19): 开端执行删除tomcat下temp文件夹png文件职务  
[INFO ] 2015-06-12 17:23:19,508(1675) --> [main] lh.util.RemoveFile.run(RemoveFile.java:20): 要删除图片文件所在途径为null\temp\  
[INFO ] 2015-06-12 17:23:22,837(5004) --> [main] lh.util.RemoveFile.run(RemoveFile.java:28): temp文件存在  
[INFO ] 2015-06-12 17:23:24,938(7105) --> [main] lh.util.RemoveFile.run(RemoveFile.java:30): temp文件是个目录  
[INFO ] 2015-06-12 17:24:03,713(45880) --> [main] lh.util.RemoveFile.run(RemoveFile.java:50): 删除/Tomcat/Temp/目录下过时图片执行完毕...  
[INFO ] 2015-06-12 17:24:20,291(0) --> [main] lh.util.RemoveFile.run(RemoveFile.java:17): 删除/Tomcat/Temp/目录下过时图片执行开端...  
[INFO ] 2015-06-12 17:24:20,297(6) --> [main] lh.util.RemoveFile.run(RemoveFile.java:19): 开端执行删除tomcat下temp文件夹png文件职务  
[INFO ] 2015-06-12 17:24:20,297(6) --> [main] lh.util.RemoveFile.run(RemoveFile.java:20): 要删除图片文件所在途径为null\temp\  
[INFO ] 2015-06-12 17:24:20,297(6) --> [main] lh.util.RemoveFile.run(RemoveFile.java:28): temp文件存在  
[INFO ] 2015-06-12 17:24:20,298(7) --> [main] lh.util.RemoveFile.run(RemoveFile.java:30): temp文件是个目录  
[INFO ] 2015-06-12 17:24:20,299(8) --> [main] lh.util.RemoveFile.run(RemoveFile.java:40): 成功删除无效图片文件:2f18d0b2698a43828dd1af0bd1db4b61.jpg  
[INFO ] 2015-06-12 17:24:20,300(9) --> [main] lh.util.RemoveFile.run(RemoveFile.java:40): 成功删除无效图片文件:59fa9f570b17416c9a2be25981e6b6f9.jpg  
[INFO ] 2015-06-12 17:24:20,301(10) --> [main] lh.util.RemoveFile.run(RemoveFile.java:40): 成功删除无效图片文件:a1d0c0fe77244bb998a154e9cf70d1b7.jpg  
[INFO ] 2015-06-12 17:24:20,301(10) --> [main] lh.util.RemoveFile.run(RemoveFile.java:40): 成功删除无效图片文件:a2d2fb8c8f654c7d913d517a6f624ea5.jpg  
[INFO ] 2015-06-12 17:24:20,305(14) --> [main] lh.util.RemoveFile.run(RemoveFile.java:40): 成功删除无效图片文件:b5bce073e3684ff99b7e835f01e47def.jpg  
[INFO ] 2015-06-12 17:24:20,306(15) --> [main] lh.util.RemoveFile.run(RemoveFile.java:40): 成功删除无效图片文件:fec3cdfceeb84646a8fc138d39ba2bd2.jpg  
[INFO ] 2015-06-12 17:24:20,306(15) --> [main] lh.util.RemoveFile.run(RemoveFile.java:50): 删除/Tomcat/Temp/目录下过时图片执行完毕...  
[INFO ] 2015-08-07 13:44:21,870(0) --> [main] lh.util.document.TestPrint2Flash.main(TestPrint2Flash.java:31): 转换成功完成！  
[INFO ] 2015-08-07 13:44:23,463(1593) --> [main] lh.util.document.TestPrint2Flash.main(TestPrint2Flash.java:43): 按任意键退出  
