[INFO][2015-06-12 17:00:27,304][lh.util.RemoveFile]删除/Tomcat/Temp/目录下过时图片执行开端...
[INFO][2015-06-12 17:00:27,319][lh.util.RemoveFile]开端执行删除tomcat下temp文件夹png文件职务
[INFO][2015-06-12 17:00:27,319][lh.util.RemoveFile]要删除图片文件所在途径为null\temp\
[INFO][2015-06-12 17:00:27,319][lh.util.RemoveFile]未找到tomcat/temp文件夹，执行失败，请手动删除temp下一切png文件
[INFO][2015-06-12 17:00:27,319][lh.util.RemoveFile]删除/Tomcat/Temp/目录下过时图片执行完毕...
[INFO][2015-06-12 17:02:25,320][lh.util.RemoveFile]删除/Tomcat/Temp/目录下过时图片执行开端...
[INFO][2015-06-12 17:02:34,433][lh.util.RemoveFile]开端执行删除tomcat下temp文件夹png文件职务
[INFO][2015-06-12 17:03:11,155][lh.util.RemoveFile]要删除图片文件所在途径为null\temp\
[INFO][2015-06-12 17:03:15,913][lh.util.RemoveFile]未找到tomcat/temp文件夹，执行失败，请手动删除temp下一切png文件
[INFO][2015-06-12 17:03:15,927][lh.util.RemoveFile]删除/Tomcat/Temp/目录下过时图片执行完毕...
[INFO][2015-06-12 17:06:58,115][lh.util.RemoveFile]删除/Tomcat/Temp/目录下过时图片执行开端...
[INFO][2015-06-12 17:07:14,095][lh.util.RemoveFile]开端执行删除tomcat下temp文件夹png文件职务
[INFO][2015-06-12 17:07:14,096][lh.util.RemoveFile]要删除图片文件所在途径为null\temp\
[INFO][2015-06-12 17:07:14,096][lh.util.RemoveFile]未找到tomcat/temp文件夹，执行失败，请手动删除temp下一切png文件
[INFO][2015-06-12 17:07:14,096][lh.util.RemoveFile]删除/Tomcat/Temp/目录下过时图片执行完毕...
[INFO][2015-06-12 17:13:26,183][lh.util.RemoveFile]删除/Tomcat/Temp/目录下过时图片执行开端...
[INFO][2015-06-12 17:13:26,190][lh.util.RemoveFile]开端执行删除tomcat下temp文件夹png文件职务
[INFO][2015-06-12 17:13:26,191][lh.util.RemoveFile]要删除图片文件所在途径为null\temp\
[INFO][2015-06-12 17:13:26,191][lh.util.RemoveFile]未找到tomcat/temp文件夹，执行失败，请手动删除temp下一切png文件
[INFO][2015-06-12 17:13:26,191][lh.util.RemoveFile]删除/Tomcat/Temp/目录下过时图片执行完毕...
[INFO][2015-06-12 17:19:46,522][lh.util.RemoveFile]删除/Tomcat/Temp/目录下过时图片执行开端...
[INFO][2015-06-12 17:19:46,536][lh.util.RemoveFile]开端执行删除tomcat下temp文件夹png文件职务
[INFO][2015-06-12 17:19:46,537][lh.util.RemoveFile]要删除图片文件所在途径为null\temp\
[INFO][2015-06-12 17:19:46,537][lh.util.RemoveFile]temp文件存在
[INFO][2015-06-12 17:19:46,538][lh.util.RemoveFile]temp文件是个目录
[INFO][2015-06-12 17:19:46,538][lh.util.RemoveFile]删除/Tomcat/Temp/目录下过时图片执行完毕...
[INFO][2015-06-12 17:20:53,739][lh.util.RemoveFile]删除/Tomcat/Temp/目录下过时图片执行开端...
[INFO][2015-06-12 17:20:55,260][lh.util.RemoveFile]开端执行删除tomcat下temp文件夹png文件职务
[INFO][2015-06-12 17:20:56,034][lh.util.RemoveFile]要删除图片文件所在途径为null\temp\
[INFO][2015-06-12 17:21:16,812][lh.util.RemoveFile]temp文件存在
[INFO][2015-06-12 17:21:20,428][lh.util.RemoveFile]temp文件是个目录
[INFO][2015-06-12 17:22:18,285][lh.util.RemoveFile]删除/Tomcat/Temp/目录下过时图片执行完毕...
[INFO][2015-06-12 17:23:00,019][lh.util.RemoveFile]删除/Tomcat/Temp/目录下过时图片执行开端...
[INFO][2015-06-12 17:23:00,026][lh.util.RemoveFile]开端执行删除tomcat下temp文件夹png文件职务
[INFO][2015-06-12 17:23:00,026][lh.util.RemoveFile]要删除图片文件所在途径为null\temp\
[INFO][2015-06-12 17:23:00,027][lh.util.RemoveFile]temp文件存在
[INFO][2015-06-12 17:23:00,027][lh.util.RemoveFile]temp文件是个目录
[INFO][2015-06-12 17:23:00,028][lh.util.RemoveFile]删除/Tomcat/Temp/目录下过时图片执行完毕...
[INFO][2015-06-12 17:23:17,833][lh.util.RemoveFile]删除/Tomcat/Temp/目录下过时图片执行开端...
[INFO][2015-06-12 17:23:18,810][lh.util.RemoveFile]开端执行删除tomcat下temp文件夹png文件职务
[INFO][2015-06-12 17:23:19,508][lh.util.RemoveFile]要删除图片文件所在途径为null\temp\
[INFO][2015-06-12 17:23:22,837][lh.util.RemoveFile]temp文件存在
[INFO][2015-06-12 17:23:24,938][lh.util.RemoveFile]temp文件是个目录
[INFO][2015-06-12 17:24:03,713][lh.util.RemoveFile]删除/Tomcat/Temp/目录下过时图片执行完毕...
[INFO][2015-06-12 17:24:20,291][lh.util.RemoveFile]删除/Tomcat/Temp/目录下过时图片执行开端...
[INFO][2015-06-12 17:24:20,297][lh.util.RemoveFile]开端执行删除tomcat下temp文件夹png文件职务
[INFO][2015-06-12 17:24:20,297][lh.util.RemoveFile]要删除图片文件所在途径为null\temp\
[INFO][2015-06-12 17:24:20,297][lh.util.RemoveFile]temp文件存在
[INFO][2015-06-12 17:24:20,298][lh.util.RemoveFile]temp文件是个目录
[INFO][2015-06-12 17:24:20,299][lh.util.RemoveFile]成功删除无效图片文件:2f18d0b2698a43828dd1af0bd1db4b61.jpg
[INFO][2015-06-12 17:24:20,300][lh.util.RemoveFile]成功删除无效图片文件:59fa9f570b17416c9a2be25981e6b6f9.jpg
[INFO][2015-06-12 17:24:20,301][lh.util.RemoveFile]成功删除无效图片文件:a1d0c0fe77244bb998a154e9cf70d1b7.jpg
[INFO][2015-06-12 17:24:20,301][lh.util.RemoveFile]成功删除无效图片文件:a2d2fb8c8f654c7d913d517a6f624ea5.jpg
[INFO][2015-06-12 17:24:20,305][lh.util.RemoveFile]成功删除无效图片文件:b5bce073e3684ff99b7e835f01e47def.jpg
[INFO][2015-06-12 17:24:20,306][lh.util.RemoveFile]成功删除无效图片文件:fec3cdfceeb84646a8fc138d39ba2bd2.jpg
[INFO][2015-06-12 17:24:20,306][lh.util.RemoveFile]删除/Tomcat/Temp/目录下过时图片执行完毕...
[INFO][2015-08-07 13:44:21,870][lh.util.document.TestPrint2Flash]转换成功完成！
[INFO][2015-08-07 13:44:23,463][lh.util.document.TestPrint2Flash]按任意键退出
